<?xml version="1.0" encoding="UTF-8"?>
<testsuite name="racingcar.service.RaceServiceTest" tests="1" skipped="0" failures="0" errors="0" timestamp="2025-10-25T11:16:58.421Z" hostname="dongs-MacBook-Pro.local" time="0.005">
  <properties/>
  <testcase name="자동차_이름은_5자_이하만_가능하다()" classname="racingcar.service.RaceServiceTest" time="0.005"/>
  <system-out><![CDATA[]]></system-out>
  <system-err><![CDATA[]]></system-err>
</testsuite>
